Using pre-set license
Built from '2022.2/staging' branch; Version is '2022.2.6f1 (10bfa6201ced) revision 1097638'; Using compiler version '192829333'; Build Type 'Release'
OS: 'Windows 10  (10.0.19045) 64bit Professional' Language: 'ja' Physical Memory: 32509 MB
BatchMode: 1, IsHumanControllingUs: 0, StartBugReporterOnCrash: 0, Is64bit: 1, IsPro: 1

COMMAND LINE ARGUMENTS:
C:\Program Files\2022.2.6f1\Editor\Unity.exe
-adb2
-batchMode
-noUpm
-name
AssetImportWorker9
-projectPath
C:/Users/user/3D Objects/デスクトップ/local/Clearest2023/WaterGame
-logFile
Logs/AssetImportWorker9.log
-srvPort
50402
Successfully changed project path to: C:/Users/user/3D Objects/デスクトップ/local/Clearest2023/WaterGame
C:/Users/user/3D Objects/デスクトップ/local/Clearest2023/WaterGame
[UnityMemory] Configuration Parameters - Can be set up in boot.config
    "memorysetup-bucket-allocator-granularity=16"
    "memorysetup-bucket-allocator-bucket-count=8"
    "memorysetup-bucket-allocator-block-size=33554432"
    "memorysetup-bucket-allocator-block-count=8"
    "memorysetup-main-allocator-block-size=16777216"
    "memorysetup-thread-allocator-block-size=16777216"
    "memorysetup-gfx-main-allocator-block-size=16777216"
    "memorysetup-gfx-thread-allocator-block-size=16777216"
    "memorysetup-cache-allocator-block-size=4194304"
    "memorysetup-typetree-allocator-block-size=2097152"
    "memorysetup-profiler-bucket-allocator-granularity=16"
    "memorysetup-profiler-bucket-allocator-bucket-count=8"
    "memorysetup-profiler-bucket-allocator-block-size=33554432"
    "memorysetup-profiler-bucket-allocator-block-count=8"
    "memorysetup-profiler-allocator-block-size=16777216"
    "memorysetup-profiler-editor-allocator-block-size=1048576"
    "memorysetup-temp-allocator-size-main=16777216"
    "memorysetup-job-temp-allocator-block-size=2097152"
    "memorysetup-job-temp-allocator-block-size-background=1048576"
    "memorysetup-job-temp-allocator-reduction-small-platforms=262144"
    "memorysetup-temp-allocator-size-background-worker=32768"
    "memorysetup-temp-allocator-size-job-worker=262144"
    "memorysetup-temp-allocator-size-preload-manager=33554432"
    "memorysetup-temp-allocator-size-nav-mesh-worker=65536"
    "memorysetup-temp-allocator-size-audio-worker=65536"
    "memorysetup-temp-allocator-size-cloud-worker=32768"
    "memorysetup-temp-allocator-size-gi-baking-worker=262144"
    "memorysetup-temp-allocator-size-gfx=262144"
Player connection [8732] Host "[IP] 192.168.11.14 [Port] 0 [Flags] 2 [Guid] 1421461063 [EditorId] 1421461063 [Version] 1048832 [Id] WindowsEditor(7,DESKTOP-L2RC10L) [Debug] 1 [PackageName] WindowsEditor [ProjectName] Editor" joined multi-casting on [225.0.0.222:54997]...

Player connection [8732] Host "[IP] 192.168.11.14 [Port] 0 [Flags] 2 [Guid] 1421461063 [EditorId] 1421461063 [Version] 1048832 [Id] WindowsEditor(7,DESKTOP-L2RC10L) [Debug] 1 [PackageName] WindowsEditor [ProjectName] Editor" joined alternative multi-casting on [225.0.0.222:34997]...

Refreshing native plugins compatible for Editor in 9.36 ms, found 3 plugins.
Preloading 0 native plugins for Editor in 0.00 ms.
Initialize engine version: 2022.2.6f1 (10bfa6201ced)
[Subsystems] Discovering subsystems at path C:/Program Files/2022.2.6f1/Editor/Data/Resources/UnitySubsystems
[Subsystems] Discovering subsystems at path C:/Users/user/3D Objects/デスクトップ/local/Clearest2023/WaterGame/Assets
GfxDevice: creating device client; threaded=0; jobified=0
Direct3D:
    Version:  Direct3D 11.0 [level 11.1]
    Renderer: NVIDIA GeForce RTX 3080 (ID=0x2216)
    Vendor:   NVIDIA
    VRAM:     10067 MB
    Driver:   31.0.15.3161
Initialize mono
Mono path[0] = 'C:/Program Files/2022.2.6f1/Editor/Data/Managed'
Mono path[1] = 'C:/Program Files/2022.2.6f1/Editor/Data/MonoBleedingEdge/lib/mono/unityjit-win32'
Mono config path = 'C:/Program Files/2022.2.6f1/Editor/Data/MonoBleedingEdge/etc'
Using monoOptions --debugger-agent=transport=dt_socket,embedding=1,server=y,suspend=n,address=127.0.0.1:56044
Begin MonoManager ReloadAssembly
Registering precompiled unity dll's ...
Register platform support module: C:/Program Files/2022.2.6f1/Editor/Data/PlaybackEngines/WindowsStandaloneSupport/UnityEditor.WindowsStandalone.Extensions.dll
Registered in 0.006672 seconds.
- Loaded All Assemblies, in  0.334 seconds
Native extension for WindowsStandalone target not found
Mono: successfully reloaded assembly
- Finished resetting the current domain, in  0.282 seconds
Domain Reload Profiling:
	ReloadAssembly (202ms)
		BeginReloadAssembly (81ms)
			ExecutionOrderSort (0ms)
			DisableScriptedObjects (0ms)
			BackupInstance (0ms)
			ReleaseScriptingObjects (0ms)
			CreateAndSetChildDomain (1ms)
		LoadAllAssembliesAndSetupDomain (0ms)
			LoadAssemblies (79ms)
			RebuildTransferFunctionScriptingTraits (0ms)
			SetupTypeCache (124ms)
				TypeCache.Initialize (124ms)
					TypeCache.ScanAssembly (122ms)
				ResolveRequiredComponents (0ms)
		FinalizeReload (0ms)
			ReleaseScriptCaches (0ms)
			RebuildScriptCaches (0ms)
			SetupLoadedEditorAssemblies (220ms)
				LogAssemblyErrors (0ms)
				InitializePlatformSupportModulesInManaged (10ms)
				SetLoadedEditorAssemblies (8ms)
				RefreshPlugins (0ms)
				BeforeProcessingInitializeOnLoad (1ms)
				ProcessInitializeOnLoadAttributes (150ms)
				ProcessInitializeOnLoadMethodAttributes (51ms)
				AfterProcessingInitializeOnLoad (0ms)
				EditorAssembliesLoaded (0ms)
			ExecutionOrderSort2 (0ms)
			AwakeInstancesAfterBackupRestoration (0ms)
========================================================================
Worker process is ready to serve import requests
Begin MonoManager ReloadAssembly
Symbol file LoadedFromMemory doesn't match image C:\Users\user\3D Objects\デスクトップ\local\Clearest2023\WaterGame\Library\PackageCache\com.unity.visualscripting@1.8.0\Editor\VisualScripting.Core\Dependencies\YamlDotNet\Unity.VisualScripting.YamlDotNet.dll
Symbol file LoadedFromMemory doesn't match image C:\Users\user\3D Objects\デスクトップ\local\Clearest2023\WaterGame\Library\PackageCache\com.unity.visualscripting@1.8.0\Editor\VisualScripting.Core\Dependencies\DotNetZip\Unity.VisualScripting.IonicZip.dll
- Loaded All Assemblies, in  0.939 seconds
Refreshing native plugins compatible for Editor in 4.49 ms, found 3 plugins.
Native extension for WindowsStandalone target not found
Mono: successfully reloaded assembly
- Finished resetting the current domain, in  0.606 seconds
Domain Reload Profiling:
	ReloadAssembly (221ms)
		BeginReloadAssembly (117ms)
			ExecutionOrderSort (0ms)
			DisableScriptedObjects (6ms)
			BackupInstance (0ms)
			ReleaseScriptingObjects (0ms)
			CreateAndSetChildDomain (19ms)
		LoadAllAssembliesAndSetupDomain (716ms)
			LoadAssemblies (262ms)
			RebuildTransferFunctionScriptingTraits (0ms)
			SetupTypeCache (501ms)
				TypeCache.Initialize (285ms)
					TypeCache.ScanAssembly (281ms)
				ResolveRequiredComponents (4ms)
		FinalizeReload (0ms)
			ReleaseScriptCaches (0ms)
			RebuildScriptCaches (0ms)
			SetupLoadedEditorAssemblies (438ms)
				LogAssemblyErrors (0ms)
				InitializePlatformSupportModulesInManaged (7ms)
				SetLoadedEditorAssemblies (5ms)
				RefreshPlugins (0ms)
				BeforeProcessingInitializeOnLoad (67ms)
				ProcessInitializeOnLoadAttributes (330ms)
				ProcessInitializeOnLoadMethodAttributes (21ms)
				AfterProcessingInitializeOnLoad (8ms)
				EditorAssembliesLoaded (0ms)
			ExecutionOrderSort2 (0ms)
			AwakeInstancesAfterBackupRestoration (7ms)
Launched and connected shader compiler UnityShaderCompiler.exe after 0.04 seconds
Refreshing native plugins compatible for Editor in 2.02 ms, found 3 plugins.
Preloading 0 native plugins for Editor in 0.00 ms.
Unloading 3424 Unused Serialized files (Serialized files now loaded: 0)
Unloading 26 unused Assets / (67.0 KB). Loaded Objects now: 3896.
Memory consumption went from 0.60 GB to 0.59 GB.
Total: 2.289300 ms (FindLiveObjects: 0.231200 ms CreateObjectMapping: 0.100800 ms MarkObjects: 1.827500 ms  DeleteObjects: 0.128700 ms)

AssetImportParameters requested are different than current active one (requested -> active):
  custom:container-demuxer-ogg: 62fdf1f143b41e24485cea50d1cbac27 -> 
  custom:video-codec-MediaFoundation-h265: e54d7ab0439102e2317fc1e4b246158d -> 
  custom:video-decoder-ogg-theora: a1e56fd34408186e4bbccfd4996cb3dc -> 
  custom:framework-win-MediaFoundation: 216162199b28c13a410421893ffa2e32 -> 
  custom:container-demuxer-webm: 4f35f7cbe854078d1ac9338744f61a02 -> 
  custom:container-muxer-webm: aa71ff27fc2769a1b78a27578f13a17b -> 
  custom:video-decoder-webm-vp8: 9c59270c3fd7afecdb556c50c9e8de78 -> 
  custom:AudioImporter_EditorPlatform: d09bf68614088b80899f8185d706f6e7 -> 
  custom:video-encoder-webm-vp8: eb34c28f22e8b96e1ab97ce403110664 -> 
  custom:audio-decoder-ogg-vorbis: bf7c407c2cedff20999df2af8eb42d56 -> 
  custom:audio-encoder-webm-vorbis: bf7c407c2cedff20999df2af8eb42d56 -> 
========================================================================
Received Import Request.
  Time since last request: 1210985.469905 seconds.
  path: Assets/MagicArsenal/Effects/Prefabs/Muzzleflash/Normal/WaterMuzzleNormal.prefab
  artifactKey: Guid(83d536e3587348e4488d6efe25a95894) Importer(815301076,1909f56bfc062723c751e8b465ee728b)
Start importing Assets/MagicArsenal/Effects/Prefabs/Muzzleflash/Normal/WaterMuzzleNormal.prefab using Guid(83d536e3587348e4488d6efe25a95894) Importer(815301076,1909f56bfc062723c751e8b465ee728b)  -> (artifact id: '0ac26617682881d78ae017a9e448437b') in 0.126514 seconds 
Number of updated asset objects reloaded before import = 0
Number of asset objects unloaded after import = 14
========================================================================
Received Import Request.
  Time since last request: 3.588778 seconds.
  path: Assets/MagicArsenal/Effects/Prefabs/MeshGlow/WaterMeshGlow.prefab
  artifactKey: Guid(23c9247fb25ccd1408c231aa729016e0) Importer(815301076,1909f56bfc062723c751e8b465ee728b)
Start importing Assets/MagicArsenal/Effects/Prefabs/MeshGlow/WaterMeshGlow.prefab using Guid(23c9247fb25ccd1408c231aa729016e0) Importer(815301076,1909f56bfc062723c751e8b465ee728b)  -> (artifact id: '280524518d20ffee6ad7abb6834ccc56') in 0.057984 seconds 
Number of updated asset objects reloaded before import = 0
Number of asset objects unloaded after import = 20
========================================================================
Received Import Request.
  Time since last request: 0.229154 seconds.
  path: Assets/MagicArsenal/Effects/Prefabs/Enchant/WaterEnchant.prefab
  artifactKey: Guid(8c51d2af51854f148bba24c2904e2e63) Importer(815301076,1909f56bfc062723c751e8b465ee728b)
Start importing Assets/MagicArsenal/Effects/Prefabs/Enchant/WaterEnchant.prefab using Guid(8c51d2af51854f148bba24c2904e2e63) Importer(815301076,1909f56bfc062723c751e8b465ee728b)  -> (artifact id: '558ce1fb597930c493c45435face2144') in 0.069839 seconds 
Number of updated asset objects reloaded before import = 0
Number of asset objects unloaded after import = 28
========================================================================
Received Import Request.
  Time since last request: 0.000022 seconds.
  path: Assets/MagicArsenal/Effects/Prefabs/Beams/Setup/Start/WaterBeamStart.prefab
  artifactKey: Guid(44b39dcf5d036464b9791669232296aa) Importer(815301076,1909f56bfc062723c751e8b465ee728b)
Start importing Assets/MagicArsenal/Effects/Prefabs/Beams/Setup/Start/WaterBeamStart.prefab using Guid(44b39dcf5d036464b9791669232296aa) Importer(815301076,1909f56bfc062723c751e8b465ee728b)  -> (artifact id: '85607b998d9654cbc8e1c28badbe6ea3') in 0.026307 seconds 
Number of updated asset objects reloaded before import = 0
Number of asset objects unloaded after import = 36
========================================================================
Received Import Request.
  Time since last request: 0.000030 seconds.
  path: Assets/MagicArsenal/Effects/Prefabs/Beam Blast/WaterBeamBlast.prefab
  artifactKey: Guid(44a714b24e4e81c428fea336bf7045eb) Importer(815301076,1909f56bfc062723c751e8b465ee728b)
Start importing Assets/MagicArsenal/Effects/Prefabs/Beam Blast/WaterBeamBlast.prefab using Guid(44a714b24e4e81c428fea336bf7045eb) Importer(815301076,1909f56bfc062723c751e8b465ee728b)  -> (artifact id: 'abaa821f360295df3b4c92d90b3740ed') in 0.021978 seconds 
Number of updated asset objects reloaded before import = 0
Number of asset objects unloaded after import = 14
========================================================================
Received Import Request.
  Time since last request: 0.961055 seconds.
  path: Assets/MagicArsenal/Effects/Prefabs/Missiles & Explosions/-Generics/Missiles/VoidMissile.prefab
  artifactKey: Guid(fe4766ac0a435874a9ad406bfea0ba09) Importer(815301076,1909f56bfc062723c751e8b465ee728b)
Start importing Assets/MagicArsenal/Effects/Prefabs/Missiles & Explosions/-Generics/Missiles/VoidMissile.prefab using Guid(fe4766ac0a435874a9ad406bfea0ba09) Importer(815301076,1909f56bfc062723c751e8b465ee728b)  -> (artifact id: 'db73776543529648a19231612394c7e1') in 0.057803 seconds 
Number of updated asset objects reloaded before import = 0
Number of asset objects unloaded after import = 27
========================================================================
Received Import Request.
  Time since last request: 0.000020 seconds.
  path: Assets/MagicArsenal/Effects/Prefabs/Missiles & Explosions/-Generics/Missiles/RiftMissile.prefab
  artifactKey: Guid(e0a72a4d9ec013d468d8ce7505e8481a) Importer(815301076,1909f56bfc062723c751e8b465ee728b)
Start importing Assets/MagicArsenal/Effects/Prefabs/Missiles & Explosions/-Generics/Missiles/RiftMissile.prefab using Guid(e0a72a4d9ec013d468d8ce7505e8481a) Importer(815301076,1909f56bfc062723c751e8b465ee728b)  -> (artifact id: '8b085bcc6d6e259610b641ee6fbe9350') in 0.030583 seconds 
Number of updated asset objects reloaded before import = 0
Number of asset objects unloaded after import = 24
========================================================================
Received Import Request.
  Time since last request: 0.000026 seconds.
  path: Assets/MagicArsenal/Effects/Prefabs/Rain/RainShadow.prefab
  artifactKey: Guid(054a75126a5479d4b9337d682cb4b64e) Importer(815301076,1909f56bfc062723c751e8b465ee728b)
Start importing Assets/MagicArsenal/Effects/Prefabs/Rain/RainShadow.prefab using Guid(054a75126a5479d4b9337d682cb4b64e) Importer(815301076,1909f56bfc062723c751e8b465ee728b)  -> (artifact id: 'f94beec17fc75879816aa4ff0442bcd2') in 0.027937 seconds 
Number of updated asset objects reloaded before import = 0
Number of asset objects unloaded after import = 59
========================================================================
Received Import Request.
  Time since last request: 0.000021 seconds.
  path: Assets/MagicArsenal/Effects/Prefabs/Missiles & Explosions/-Generics/Explosions/GoldBallExplosion.prefab
  artifactKey: Guid(691d44c01084feb4f8a83650649baaee) Importer(815301076,1909f56bfc062723c751e8b465ee728b)
Start importing Assets/MagicArsenal/Effects/Prefabs/Missiles & Explosions/-Generics/Explosions/GoldBallExplosion.prefab using Guid(691d44c01084feb4f8a83650649baaee) Importer(815301076,1909f56bfc062723c751e8b465ee728b)  -> (artifact id: '6ad8b898a58a28b4049cde818aa44daf') in 0.020282 seconds 
Number of updated asset objects reloaded before import = 0
Number of asset objects unloaded after import = 30
========================================================================
Received Import Request.
  Time since last request: 0.000031 seconds.
  path: Assets/MagicArsenal/Effects/Prefabs/Beams/Setup/Beam/Frost Beam.prefab
  artifactKey: Guid(dde30d1733e55b941ada7e3a234bb74c) Importer(815301076,1909f56bfc062723c751e8b465ee728b)
Start importing Assets/MagicArsenal/Effects/Prefabs/Beams/Setup/Beam/Frost Beam.prefab using Guid(dde30d1733e55b941ada7e3a234bb74c) Importer(815301076,1909f56bfc062723c751e8b465ee728b)  -> (artifact id: '666e2c520a112bda857eba500f89a00c') in 0.017853 seconds 
Number of updated asset objects reloaded before import = 0
Number of asset objects unloaded after import = 7
========================================================================
Received Import Request.
  Time since last request: 0.000022 seconds.
  path: Assets/MagicArsenal/Effects/Prefabs/Missiles & Explosions/-Generics/Explosions/MesmerizeExplosion.prefab
  artifactKey: Guid(9e8524d618918884c9cb337e26e63e08) Importer(815301076,1909f56bfc062723c751e8b465ee728b)
Start importing Assets/MagicArsenal/Effects/Prefabs/Missiles & Explosions/-Generics/Explosions/MesmerizeExplosion.prefab using Guid(9e8524d618918884c9cb337e26e63e08) Importer(815301076,1909f56bfc062723c751e8b465ee728b)  -> (artifact id: '9423addeb69100a5d772766eefb44b8f') in 0.019310 seconds 
Number of updated asset objects reloaded before import = 0
Number of asset objects unloaded after import = 34
========================================================================
Received Import Request.
  Time since last request: 0.000017 seconds.
  path: Assets/MagicArsenal/Effects/Prefabs/DoT/DamageOverTimeStorm.prefab
  artifactKey: Guid(414401ea9ab6fc24da96ecfc78f1c786) Importer(815301076,1909f56bfc062723c751e8b465ee728b)
Start importing Assets/MagicArsenal/Effects/Prefabs/DoT/DamageOverTimeStorm.prefab using Guid(414401ea9ab6fc24da96ecfc78f1c786) Importer(815301076,1909f56bfc062723c751e8b465ee728b)  -> (artifact id: '38e205cf92ddb0f8cb286bfe95095c09') in 0.023630 seconds 
Number of updated asset objects reloaded before import = 0
Number of asset objects unloaded after import = 33
========================================================================
Received Import Request.
  Time since last request: 0.000023 seconds.
  path: Assets/MagicArsenal/Effects/Prefabs/Aura/AuraSimple/AuraSimpleStorm.prefab
  artifactKey: Guid(074cabc722fa1384b8421d7f8427bb0f) Importer(815301076,1909f56bfc062723c751e8b465ee728b)
Start importing Assets/MagicArsenal/Effects/Prefabs/Aura/AuraSimple/AuraSimpleStorm.prefab using Guid(074cabc722fa1384b8421d7f8427bb0f) Importer(815301076,1909f56bfc062723c751e8b465ee728b)  -> (artifact id: 'a39633cafdab343cdc86d9dfeeb4b2aa') in 0.026582 seconds 
Number of updated asset objects reloaded before import = 0
Number of asset objects unloaded after import = 16
========================================================================
Received Import Request.
  Time since last request: 0.000174 seconds.
  path: Assets/MagicArsenal/Effects/Prefabs/Aura/AuraCastSmall/AuraCastSmallStorm.prefab
  artifactKey: Guid(3fd8f98a6e1a44f4ab278e40d273923a) Importer(815301076,1909f56bfc062723c751e8b465ee728b)
Start importing Assets/MagicArsenal/Effects/Prefabs/Aura/AuraCastSmall/AuraCastSmallStorm.prefab using Guid(3fd8f98a6e1a44f4ab278e40d273923a) Importer(815301076,1909f56bfc062723c751e8b465ee728b)  -> (artifact id: 'e99d31840e94917ea5116ea82dc09a9b') in 0.018266 seconds 
Number of updated asset objects reloaded before import = 0
Number of asset objects unloaded after import = 27
========================================================================
Received Import Request.
  Time since last request: 0.000027 seconds.
  path: Assets/MagicArsenal/Demo/Scene Prefabs/Prefabs/DemoRig.prefab
  artifactKey: Guid(da1939c654329ec4bb4e0a167e8ce19b) Importer(815301076,1909f56bfc062723c751e8b465ee728b)
Start importing Assets/MagicArsenal/Demo/Scene Prefabs/Prefabs/DemoRig.prefab using Guid(da1939c654329ec4bb4e0a167e8ce19b) Importer(815301076,1909f56bfc062723c751e8b465ee728b)  -> (artifact id: '0441efe0b7a3f281cf104a1f128a4bf0') in 0.028847 seconds 
Number of updated asset objects reloaded before import = 0
Number of asset objects unloaded after import = 20
========================================================================
Received Import Request.
  Time since last request: 0.000025 seconds.
  path: Assets/MagicArsenal/Demo/Effect Prefabs/Missiles/Small/ArcaneSmallObj.prefab
  artifactKey: Guid(3e1b2df5b9db3bc479cf5e383f2f23e4) Importer(815301076,1909f56bfc062723c751e8b465ee728b)
Start importing Assets/MagicArsenal/Demo/Effect Prefabs/Missiles/Small/ArcaneSmallObj.prefab using Guid(3e1b2df5b9db3bc479cf5e383f2f23e4) Importer(815301076,1909f56bfc062723c751e8b465ee728b)  -> (artifact id: '222938f51a8f53041189a237315ddd0b') in 0.006378 seconds 
Number of updated asset objects reloaded before import = 0
Number of asset objects unloaded after import = 52
========================================================================
Received Import Request.
  Time since last request: 0.000017 seconds.
  path: Assets/MagicArsenal/Demo/Effect Prefabs/Missiles/Tiny/ArcaneTinyObj.prefab
  artifactKey: Guid(1d1ce344336026a4abd564307629e846) Importer(815301076,1909f56bfc062723c751e8b465ee728b)
Start importing Assets/MagicArsenal/Demo/Effect Prefabs/Missiles/Tiny/ArcaneTinyObj.prefab using Guid(1d1ce344336026a4abd564307629e846) Importer(815301076,1909f56bfc062723c751e8b465ee728b)  -> (artifact id: '4e919ca90d9beeb534c256f1cb096e22') in 0.005030 seconds 
Number of updated asset objects reloaded before import = 0
Number of asset objects unloaded after import = 36
========================================================================
Received Import Request.
  Time since last request: 0.000016 seconds.
  path: Assets/MagicArsenal/Effects/Prefabs/Slash Hit/ArcaneSlashHit.prefab
  artifactKey: Guid(6cf23a8f866acc942a8e375dbfb1624b) Importer(815301076,1909f56bfc062723c751e8b465ee728b)
Start importing Assets/MagicArsenal/Effects/Prefabs/Slash Hit/ArcaneSlashHit.prefab using Guid(6cf23a8f866acc942a8e375dbfb1624b) Importer(815301076,1909f56bfc062723c751e8b465ee728b)  -> (artifact id: '600e5612c61853497bfbecfd13d82335') in 0.016641 seconds 
Number of updated asset objects reloaded before import = 0
Number of asset objects unloaded after import = 20
========================================================================
Received Import Request.
  Time since last request: 0.000029 seconds.
  path: Assets/MagicArsenal/Effects/Prefabs/Beams/Setup/Beam/Earth Beam.prefab
  artifactKey: Guid(3827d5026e528924493e36340309f078) Importer(815301076,1909f56bfc062723c751e8b465ee728b)
Start importing Assets/MagicArsenal/Effects/Prefabs/Beams/Setup/Beam/Earth Beam.prefab using Guid(3827d5026e528924493e36340309f078) Importer(815301076,1909f56bfc062723c751e8b465ee728b)  -> (artifact id: '444c0d8d2361b246802b654352145d50') in 0.012685 seconds 
Number of updated asset objects reloaded before import = 0
Number of asset objects unloaded after import = 7
========================================================================
Received Import Request.
  Time since last request: 0.000041 seconds.
  path: Assets/MagicArsenal/Effects/Prefabs/Missiles & Explosions/Arcane/ArcaneExplosionSmall.prefab
  artifactKey: Guid(a59ec0174b06efd438ed33735eb702a2) Importer(815301076,1909f56bfc062723c751e8b465ee728b)
Start importing Assets/MagicArsenal/Effects/Prefabs/Missiles & Explosions/Arcane/ArcaneExplosionSmall.prefab using Guid(a59ec0174b06efd438ed33735eb702a2) Importer(815301076,1909f56bfc062723c751e8b465ee728b)  -> (artifact id: '3f0f1f6f9b1d8321c544656ee3d17978') in 0.011818 seconds 
Number of updated asset objects reloaded before import = 0
Number of asset objects unloaded after import = 24
========================================================================
Received Import Request.
  Time since last request: 0.000020 seconds.
  path: Assets/MagicArsenal/Effects/Prefabs/Missiles & Explosions/-Generics/Explosions/RiftExplosion.prefab
  artifactKey: Guid(855a3f3cc14bd9d44a114ecae92adc8a) Importer(815301076,1909f56bfc062723c751e8b465ee728b)
Start importing Assets/MagicArsenal/Effects/Prefabs/Missiles & Explosions/-Generics/Explosions/RiftExplosion.prefab using Guid(855a3f3cc14bd9d44a114ecae92adc8a) Importer(815301076,1909f56bfc062723c751e8b465ee728b)  -> (artifact id: '643db532d4d54fff8493703f85a140df') in 0.014261 seconds 
Number of updated asset objects reloaded before import = 0
Number of asset objects unloaded after import = 22
========================================================================
Received Import Request.
  Time since last request: 0.000023 seconds.
  path: Assets/MagicArsenal/Effects/Prefabs/Curse/CurseArcane.prefab
  artifactKey: Guid(59de0d3c74d6c1c45910a08f545bd812) Importer(815301076,1909f56bfc062723c751e8b465ee728b)
Start importing Assets/MagicArsenal/Effects/Prefabs/Curse/CurseArcane.prefab using Guid(59de0d3c74d6c1c45910a08f545bd812) Importer(815301076,1909f56bfc062723c751e8b465ee728b)  -> (artifact id: '9359fbcac89825c9bc8a5310c971ff64') in 0.016295 seconds 
Number of updated asset objects reloaded before import = 0
Number of asset objects unloaded after import = 18
========================================================================
Received Import Request.
  Time since last request: 0.000019 seconds.
  path: Assets/MagicArsenal/Effects/Prefabs/Charge/FrostCharge.prefab
  artifactKey: Guid(4016dcb540ea2da469c212ee1f27f43a) Importer(815301076,1909f56bfc062723c751e8b465ee728b)
Start importing Assets/MagicArsenal/Effects/Prefabs/Charge/FrostCharge.prefab using Guid(4016dcb540ea2da469c212ee1f27f43a) Importer(815301076,1909f56bfc062723c751e8b465ee728b)  -> (artifact id: '7af9bb7b1aa8b045ffa6c0be9ce4f6e9') in 0.012951 seconds 
Number of updated asset objects reloaded before import = 0
Number of asset objects unloaded after import = 30
========================================================================
Received Import Request.
  Time since last request: 0.000018 seconds.
  path: Assets/MagicArsenal/Effects/Prefabs/Beams/Setup/Beam/Light Beam.prefab
  artifactKey: Guid(36346b1c7b5c7ed48aa6244c315c55cf) Importer(815301076,1909f56bfc062723c751e8b465ee728b)
Start importing Assets/MagicArsenal/Effects/Prefabs/Beams/Setup/Beam/Light Beam.prefab using Guid(36346b1c7b5c7ed48aa6244c315c55cf) Importer(815301076,1909f56bfc062723c751e8b465ee728b)  -> (artifact id: 'db81b77afd1828db499709c8b6593a0f') in 0.012851 seconds 
Number of updated asset objects reloaded before import = 0
Number of asset objects unloaded after import = 7
========================================================================
Received Import Request.
  Time since last request: 0.000017 seconds.
  path: Assets/MagicArsenal/Effects/Prefabs/Aura/AuraCast/AuraCastLightning.prefab
  artifactKey: Guid(1cead947942da8646811dd74faaf5448) Importer(815301076,1909f56bfc062723c751e8b465ee728b)
Start importing Assets/MagicArsenal/Effects/Prefabs/Aura/AuraCast/AuraCastLightning.prefab using Guid(1cead947942da8646811dd74faaf5448) Importer(815301076,1909f56bfc062723c751e8b465ee728b)  -> (artifact id: '3d3ac725246a363493c990d0d5ca5b52') in 0.021152 seconds 
Number of updated asset objects reloaded before import = 0
Number of asset objects unloaded after import = 33
========================================================================
Received Import Request.
  Time since last request: 0.000169 seconds.
  path: Assets/MagicArsenal/Demo/Effect Prefabs/Missiles/Mega/FireMegaObj.prefab
  artifactKey: Guid(ac362dee23e5abd49a1bea78db16488b) Importer(815301076,1909f56bfc062723c751e8b465ee728b)
Start importing Assets/MagicArsenal/Demo/Effect Prefabs/Missiles/Mega/FireMegaObj.prefab using Guid(ac362dee23e5abd49a1bea78db16488b) Importer(815301076,1909f56bfc062723c751e8b465ee728b)  -> (artifact id: 'cbd820fe9f9ca079d2bd3e54b1a3600c') in 0.007646 seconds 
Number of updated asset objects reloaded before import = 0
Number of asset objects unloaded after import = 78
========================================================================
Received Import Request.
  Time since last request: 0.000027 seconds.
  path: Assets/MagicArsenal/Effects/Prefabs/Sprays/StormSpray.prefab
  artifactKey: Guid(7f1b241ecefb2374fbb0e4ead91522e6) Importer(815301076,1909f56bfc062723c751e8b465ee728b)
Start importing Assets/MagicArsenal/Effects/Prefabs/Sprays/StormSpray.prefab using Guid(7f1b241ecefb2374fbb0e4ead91522e6) Importer(815301076,1909f56bfc062723c751e8b465ee728b)  -> (artifact id: '27cd3f3ae38a081c0615c251934b9388') in 0.014670 seconds 
Number of updated asset objects reloaded before import = 0
Number of asset objects unloaded after import = 24
========================================================================
Received Import Request.
  Time since last request: 0.000019 seconds.
  path: Assets/MagicArsenal/Effects/Prefabs/Aura/AuraSimple/AuraSimpleFire.prefab
  artifactKey: Guid(3aacbeff13f159e4483b79525464cfbe) Importer(815301076,1909f56bfc062723c751e8b465ee728b)
Start importing Assets/MagicArsenal/Effects/Prefabs/Aura/AuraSimple/AuraSimpleFire.prefab using Guid(3aacbeff13f159e4483b79525464cfbe) Importer(815301076,1909f56bfc062723c751e8b465ee728b)  -> (artifact id: '71dbe7abd4dbc3a73a3563ec60bc7a55') in 0.017809 seconds 
Number of updated asset objects reloaded before import = 0
Number of asset objects unloaded after import = 16
========================================================================
Received Import Request.
  Time since last request: 0.000181 seconds.
  path: Assets/MagicArsenal/Effects/Prefabs/Walls/Circular Wall/LifeWallCircle.prefab
  artifactKey: Guid(2ad7e47eced116d44904bf1932190776) Importer(815301076,1909f56bfc062723c751e8b465ee728b)
Start importing Assets/MagicArsenal/Effects/Prefabs/Walls/Circular Wall/LifeWallCircle.prefab using Guid(2ad7e47eced116d44904bf1932190776) Importer(815301076,1909f56bfc062723c751e8b465ee728b)  -> (artifact id: '62b143815d99583ef6b439ee4d3dd262') in 0.014166 seconds 
Number of updated asset objects reloaded before import = 0
Number of asset objects unloaded after import = 26
========================================================================
Received Import Request.
  Time since last request: 0.000018 seconds.
  path: Assets/MagicArsenal/Effects/Prefabs/Orbital/ArcaneOrbitSphere.prefab
  artifactKey: Guid(9ccb5fad17931a14985d31e7d0e7668c) Importer(815301076,1909f56bfc062723c751e8b465ee728b)
Start importing Assets/MagicArsenal/Effects/Prefabs/Orbital/ArcaneOrbitSphere.prefab using Guid(9ccb5fad17931a14985d31e7d0e7668c) Importer(815301076,1909f56bfc062723c751e8b465ee728b)  -> (artifact id: '98f47412baa90bb66df8a0a87dfe8a6f') in 0.016256 seconds 
Number of updated asset objects reloaded before import = 0
Number of asset objects unloaded after import = 22
========================================================================
Received Import Request.
  Time since last request: 0.000021 seconds.
  path: Assets/MagicArsenal/Effects/Prefabs/Slash/StormSlash.prefab
  artifactKey: Guid(f27b91ed5152a5745a77f092b78aa6a8) Importer(815301076,1909f56bfc062723c751e8b465ee728b)
Start importing Assets/MagicArsenal/Effects/Prefabs/Slash/StormSlash.prefab using Guid(f27b91ed5152a5745a77f092b78aa6a8) Importer(815301076,1909f56bfc062723c751e8b465ee728b)  -> (artifact id: 'bf543eb0efe6bdf9ce39ed221bbfb62b') in 0.023984 seconds 
Number of updated asset objects reloaded before import = 0
Number of asset objects unloaded after import = 20
========================================================================
Received Import Request.
  Time since last request: 0.000025 seconds.
  path: Assets/MagicArsenal/Effects/Prefabs/AreaDamage/AreaDamageStorm.prefab
  artifactKey: Guid(05497459bf98579449b3d3231183abdd) Importer(815301076,1909f56bfc062723c751e8b465ee728b)
Start importing Assets/MagicArsenal/Effects/Prefabs/AreaDamage/AreaDamageStorm.prefab using Guid(05497459bf98579449b3d3231183abdd) Importer(815301076,1909f56bfc062723c751e8b465ee728b)  -> (artifact id: 'fb0a2c984eee18374182c82cfdab14e8') in 0.024009 seconds 
Number of updated asset objects reloaded before import = 0
Number of asset objects unloaded after import = 33
========================================================================
Received Import Request.
  Time since last request: 0.000029 seconds.
  path: Assets/MagicArsenal/Effects/Prefabs/Aura/AuraSpinning/AuraSpinningFire.prefab
  artifactKey: Guid(0228f426819e88a4ea2775e8883e03fa) Importer(815301076,1909f56bfc062723c751e8b465ee728b)
Start importing Assets/MagicArsenal/Effects/Prefabs/Aura/AuraSpinning/AuraSpinningFire.prefab using Guid(0228f426819e88a4ea2775e8883e03fa) Importer(815301076,1909f56bfc062723c751e8b465ee728b)  -> (artifact id: '035d93aab7d816d8549cf9f40172855e') in 0.020304 seconds 
Number of updated asset objects reloaded before import = 0
Number of asset objects unloaded after import = 28
========================================================================
Received Import Request.
  Time since last request: 0.000032 seconds.
  path: Assets/MagicArsenal/Effects/Prefabs/Aura/AuraCastSmall/AuraCastSmallLight.prefab
  artifactKey: Guid(be57b0ef44dcb344a983cb4736b1dc00) Importer(815301076,1909f56bfc062723c751e8b465ee728b)
Start importing Assets/MagicArsenal/Effects/Prefabs/Aura/AuraCastSmall/AuraCastSmallLight.prefab using Guid(be57b0ef44dcb344a983cb4736b1dc00) Importer(815301076,1909f56bfc062723c751e8b465ee728b)  -> (artifact id: 'f0360e78ce5efa603390867c4e0d9ab0') in 0.016455 seconds 
Number of updated asset objects reloaded before import = 0
Number of asset objects unloaded after import = 21
========================================================================
Received Import Request.
  Time since last request: 0.000040 seconds.
  path: Assets/MagicArsenal/Effects/Prefabs/Beams/Setup/Start/FrostBeamStart.prefab
  artifactKey: Guid(0b1a09f32ca9ca84b8ffecba7c9410b3) Importer(815301076,1909f56bfc062723c751e8b465ee728b)
Start importing Assets/MagicArsenal/Effects/Prefabs/Beams/Setup/Start/FrostBeamStart.prefab using Guid(0b1a09f32ca9ca84b8ffecba7c9410b3) Importer(815301076,1909f56bfc062723c751e8b465ee728b)  -> (artifact id: 'd7f2e70710efc7e1b9b586ad7abc164d') in 0.018834 seconds 
Number of updated asset objects reloaded before import = 0
Number of asset objects unloaded after import = 30
========================================================================
Received Import Request.
  Time since last request: 0.000021 seconds.
  path: Assets/MagicArsenal/Effects/Prefabs/Missiles & Explosions/Fire/FireExplosionTiny.prefab
  artifactKey: Guid(5077e2ec8ec48d247af6fecd8d5bb756) Importer(815301076,1909f56bfc062723c751e8b465ee728b)
Start importing Assets/MagicArsenal/Effects/Prefabs/Missiles & Explosions/Fire/FireExplosionTiny.prefab using Guid(5077e2ec8ec48d247af6fecd8d5bb756) Importer(815301076,1909f56bfc062723c751e8b465ee728b)  -> (artifact id: '2e37b85aaa8340c0dbd1a2709af20f1f') in 0.017936 seconds 
Number of updated asset objects reloaded before import = 0
Number of asset objects unloaded after import = 26
========================================================================
Received Import Request.
  Time since last request: 0.000033 seconds.
  path: Assets/MagicArsenal/Effects/Prefabs/Aura/AuraSimple/AuraSimpleShadow.prefab
  artifactKey: Guid(754dc3332d9e64d4395f9f8982d4d122) Importer(815301076,1909f56bfc062723c751e8b465ee728b)
Start importing Assets/MagicArsenal/Effects/Prefabs/Aura/AuraSimple/AuraSimpleShadow.prefab using Guid(754dc3332d9e64d4395f9f8982d4d122) Importer(815301076,1909f56bfc062723c751e8b465ee728b)  -> (artifact id: '3a148f103eb23c17d21a9ee5e5e71026') in 0.022152 seconds 
Number of updated asset objects reloaded before import = 0
Number of asset objects unloaded after import = 23
========================================================================
Received Import Request.
  Time since last request: 0.000171 seconds.
  path: Assets/MagicArsenal/Demo/Scene Prefabs/Misc/Combined Scene/Wood/CombinedObjectWood.prefab
  artifactKey: Guid(1bb289e40a1f42a4a871db07d429000a) Importer(815301076,1909f56bfc062723c751e8b465ee728b)
Start importing Assets/MagicArsenal/Demo/Scene Prefabs/Misc/Combined Scene/Wood/CombinedObjectWood.prefab using Guid(1bb289e40a1f42a4a871db07d429000a) Importer(815301076,1909f56bfc062723c751e8b465ee728b)  -> (artifact id: 'bb3fc53507841bc9c30d73d53e91f505') in 0.018014 seconds 
Number of updated asset objects reloaded before import = 0
Number of asset objects unloaded after import = 14
========================================================================
Received Import Request.
  Time since last request: 0.000021 seconds.
  path: Assets/MagicArsenal/Effects/Prefabs/Curse/CurseFrost.prefab
  artifactKey: Guid(48da09b437235864c8a8c441acb1aa44) Importer(815301076,1909f56bfc062723c751e8b465ee728b)
Start importing Assets/MagicArsenal/Effects/Prefabs/Curse/CurseFrost.prefab using Guid(48da09b437235864c8a8c441acb1aa44) Importer(815301076,1909f56bfc062723c751e8b465ee728b)  -> (artifact id: '770b83633c17be400a03ccff3d8a9144') in 0.013937 seconds 
Number of updated asset objects reloaded before import = 0
Number of asset objects unloaded after import = 18
========================================================================
Received Import Request.
  Time since last request: 0.000018 seconds.
  path: Assets/MagicArsenal/Effects/Prefabs/Aura/AuraSimple/AuraSimpleArcane.prefab
  artifactKey: Guid(d6801d2307601be478ab6faa301964bf) Importer(815301076,1909f56bfc062723c751e8b465ee728b)
Start importing Assets/MagicArsenal/Effects/Prefabs/Aura/AuraSimple/AuraSimpleArcane.prefab using Guid(d6801d2307601be478ab6faa301964bf) Importer(815301076,1909f56bfc062723c751e8b465ee728b)  -> (artifact id: '50b8a0c5ba128686dccf0558330050c9') in 0.014008 seconds 
Number of updated asset objects reloaded before import = 0
Number of asset objects unloaded after import = 16
========================================================================
Received Import Request.
  Time since last request: 0.000018 seconds.
  path: Assets/MagicArsenal/Effects/Prefabs/Aura/AuraCast/AuraCastLife.prefab
  artifactKey: Guid(8062a0f91e63e3b45a045db000ad52f2) Importer(815301076,1909f56bfc062723c751e8b465ee728b)
Start importing Assets/MagicArsenal/Effects/Prefabs/Aura/AuraCast/AuraCastLife.prefab using Guid(8062a0f91e63e3b45a045db000ad52f2) Importer(815301076,1909f56bfc062723c751e8b465ee728b)  -> (artifact id: '4190115afedcb913a688ac777fd35742') in 0.017719 seconds 
Number of updated asset objects reloaded before import = 0
Number of asset objects unloaded after import = 33
========================================================================
Received Import Request.
  Time since last request: 0.000018 seconds.
  path: Assets/MagicArsenal/Effects/Prefabs/Beams/Setup/Impact/FrostBeamImpact.prefab
  artifactKey: Guid(01b32c1e97b390f4b82f26b2d4a847ee) Importer(815301076,1909f56bfc062723c751e8b465ee728b)
Start importing Assets/MagicArsenal/Effects/Prefabs/Beams/Setup/Impact/FrostBeamImpact.prefab using Guid(01b32c1e97b390f4b82f26b2d4a847ee) Importer(815301076,1909f56bfc062723c751e8b465ee728b)  -> (artifact id: 'b890a255dd3018372042d3df6443fc2d') in 0.019980 seconds 
Number of updated asset objects reloaded before import = 0
Number of asset objects unloaded after import = 38
========================================================================
Received Import Request.
  Time since last request: 0.000019 seconds.
  path: Assets/MagicArsenal/Effects/Prefabs/Aura/AuraCastSmall/AuraCastSmallFire.prefab
  artifactKey: Guid(2c70ba2d625df0541965d239fd82e7e6) Importer(815301076,1909f56bfc062723c751e8b465ee728b)
Start importing Assets/MagicArsenal/Effects/Prefabs/Aura/AuraCastSmall/AuraCastSmallFire.prefab using Guid(2c70ba2d625df0541965d239fd82e7e6) Importer(815301076,1909f56bfc062723c751e8b465ee728b)  -> (artifact id: '9a606d38f664b462b07c89f1591f1126') in 0.016203 seconds 
Number of updated asset objects reloaded before import = 0
Number of asset objects unloaded after import = 21
========================================================================
Received Import Request.
  Time since last request: 0.000024 seconds.
  path: Assets/MagicArsenal/Effects/Prefabs/Walls/Straight Wall/StormWall.prefab
  artifactKey: Guid(a1e821dea7f64684ab9b3f83417330be) Importer(815301076,1909f56bfc062723c751e8b465ee728b)
Start importing Assets/MagicArsenal/Effects/Prefabs/Walls/Straight Wall/StormWall.prefab using Guid(a1e821dea7f64684ab9b3f83417330be) Importer(815301076,1909f56bfc062723c751e8b465ee728b)  -> (artifact id: '3d1b14826055af49512e572ceff1d76c') in 0.014449 seconds 
Number of updated asset objects reloaded before import = 0
Number of asset objects unloaded after import = 18
========================================================================
Received Import Request.
  Time since last request: 0.000018 seconds.
  path: Assets/MagicArsenal/Effects/Prefabs/Rain/RainLight.prefab
  artifactKey: Guid(0800b1cf1e9f0fe44952662618781e3f) Importer(815301076,1909f56bfc062723c751e8b465ee728b)
Start importing Assets/MagicArsenal/Effects/Prefabs/Rain/RainLight.prefab using Guid(0800b1cf1e9f0fe44952662618781e3f) Importer(815301076,1909f56bfc062723c751e8b465ee728b)  -> (artifact id: '55f2ceb123aba4f88fc884b8f21018e9') in 0.021802 seconds 
Number of updated asset objects reloaded before import = 0
Number of asset objects unloaded after import = 49
========================================================================
Received Import Request.
  Time since last request: 0.000190 seconds.
  path: Assets/MagicArsenal/Effects/Prefabs/Muzzleflash/Normal/GenericMuzzleNormal.prefab
  artifactKey: Guid(1a656d4b94d60c747a87c3f0a6dcb08d) Importer(815301076,1909f56bfc062723c751e8b465ee728b)
Start importing Assets/MagicArsenal/Effects/Prefabs/Muzzleflash/Normal/GenericMuzzleNormal.prefab using Guid(1a656d4b94d60c747a87c3f0a6dcb08d) Importer(815301076,1909f56bfc062723c751e8b465ee728b)  -> (artifact id: '3d239b039736cf43a2e275665d3499f5') in 0.011838 seconds 
Number of updated asset objects reloaded before import = 0
Number of asset objects unloaded after import = 12
========================================================================
Received Import Request.
  Time since last request: 0.000023 seconds.
  path: Assets/MagicArsenal/Effects/Prefabs/Missiles & Explosions/Arcane/ArcaneExplosionNormal.prefab
  artifactKey: Guid(9a964087b537346408019caeb1adf4c8) Importer(815301076,1909f56bfc062723c751e8b465ee728b)
Start importing Assets/MagicArsenal/Effects/Prefabs/Missiles & Explosions/Arcane/ArcaneExplosionNormal.prefab using Guid(9a964087b537346408019caeb1adf4c8) Importer(815301076,1909f56bfc062723c751e8b465ee728b)  -> (artifact id: '711ba45a52b263d33ed2d457f150e751') in 0.013829 seconds 
Number of updated asset objects reloaded before import = 0
Number of asset objects unloaded after import = 28
========================================================================
Received Import Request.
  Time since last request: 0.000028 seconds.
  path: Assets/MagicArsenal/Effects/Prefabs/Walls/Circular Wall/LightWallCircle.prefab
  artifactKey: Guid(ba7c3dc22466b0243b87bba4d557dcd0) Importer(815301076,1909f56bfc062723c751e8b465ee728b)
Start importing Assets/MagicArsenal/Effects/Prefabs/Walls/Circular Wall/LightWallCircle.prefab using Guid(ba7c3dc22466b0243b87bba4d557dcd0) Importer(815301076,1909f56bfc062723c751e8b465ee728b)  -> (artifact id: '29b30ee7273ee89805ababc0e5bbe6ca') in 0.012554 seconds 
Number of updated asset objects reloaded before import = 0
Number of asset objects unloaded after import = 20
========================================================================
Received Import Request.
  Time since last request: 0.000019 seconds.
  path: Assets/MagicArsenal/Effects/Prefabs/Beams/Static Beams/LightBeamStatic.prefab
  artifactKey: Guid(638096f04a15ff041a1b678936261e00) Importer(815301076,1909f56bfc062723c751e8b465ee728b)
Start importing Assets/MagicArsenal/Effects/Prefabs/Beams/Static Beams/LightBeamStatic.prefab using Guid(638096f04a15ff041a1b678936261e00) Importer(815301076,1909f56bfc062723c751e8b465ee728b)  -> (artifact id: 'd763cac2f600bed3a91f63c8289e8ee2') in 0.005409 seconds 
Number of updated asset objects reloaded before import = 0
Number of asset objects unloaded after import = 56
========================================================================
Received Import Request.
  Time since last request: 0.000019 seconds.
  path: Assets/MagicArsenal/Effects/Prefabs/Missiles & Explosions/Fire/FireMissileNormal.prefab
  artifactKey: Guid(b32f835e658efa1419ad0ae6b033b81f) Importer(815301076,1909f56bfc062723c751e8b465ee728b)
Start importing Assets/MagicArsenal/Effects/Prefabs/Missiles & Explosions/Fire/FireMissileNormal.prefab using Guid(b32f835e658efa1419ad0ae6b033b81f) Importer(815301076,1909f56bfc062723c751e8b465ee728b)  -> (artifact id: '797c3d3f0e30698fb2ca8c0d2b9f1a6f') in 0.011783 seconds 
Number of updated asset objects reloaded before import = 0
Number of asset objects unloaded after import = 29
========================================================================
Received Import Request.
  Time since last request: 0.000026 seconds.
  path: Assets/MagicArsenal/Effects/Prefabs/Aura/AuraRing/AuraRingStorm.prefab
  artifactKey: Guid(af82839cea9b35c42a7ad215c8a1c783) Importer(815301076,1909f56bfc062723c751e8b465ee728b)
Start importing Assets/MagicArsenal/Effects/Prefabs/Aura/AuraRing/AuraRingStorm.prefab using Guid(af82839cea9b35c42a7ad215c8a1c783) Importer(815301076,1909f56bfc062723c751e8b465ee728b)  -> (artifact id: 'b4d7c720dd601be8badea60ef372ba7a') in 0.017274 seconds 
Number of updated asset objects reloaded before import = 0
Number of asset objects unloaded after import = 27
========================================================================
Received Import Request.
  Time since last request: 0.000018 seconds.
  path: Assets/MagicArsenal/Effects/Prefabs/Shields/Shield Sphere/LightningShield.prefab
  artifactKey: Guid(3173fd937cd79754bb74ac3fb8f120a1) Importer(815301076,1909f56bfc062723c751e8b465ee728b)
Start importing Assets/MagicArsenal/Effects/Prefabs/Shields/Shield Sphere/LightningShield.prefab using Guid(3173fd937cd79754bb74ac3fb8f120a1) Importer(815301076,1909f56bfc062723c751e8b465ee728b)  -> (artifact id: 'bd36523d5acedfb97fa35c9a2f7a5f82') in 0.015622 seconds 
Number of updated asset objects reloaded before import = 0
Number of asset objects unloaded after import = 21
========================================================================
Received Import Request.
  Time since last request: 0.000030 seconds.
  path: Assets/MagicArsenal/Effects/Prefabs/Charge/LightCharge.prefab
  artifactKey: Guid(220a4e71c5c7a7a42a7fd23e246bff14) Importer(815301076,1909f56bfc062723c751e8b465ee728b)
Start importing Assets/MagicArsenal/Effects/Prefabs/Charge/LightCharge.prefab using Guid(220a4e71c5c7a7a42a7fd23e246bff14) Importer(815301076,1909f56bfc062723c751e8b465ee728b)  -> (artifact id: 'aa5b79df85cde7d9b96ce1a496eee890') in 0.019316 seconds 
Number of updated asset objects reloaded before import = 0
Number of asset objects unloaded after import = 28
========================================================================
Received Import Request.
  Time since last request: 0.000022 seconds.
  path: Assets/MagicArsenal/Effects/Prefabs/Missiles & Explosions/Fire/FireExplosionMega.prefab
  artifactKey: Guid(d59fb75f8c3c18040903bc802beec898) Importer(815301076,1909f56bfc062723c751e8b465ee728b)
Start importing Assets/MagicArsenal/Effects/Prefabs/Missiles & Explosions/Fire/FireExplosionMega.prefab using Guid(d59fb75f8c3c18040903bc802beec898) Importer(815301076,1909f56bfc062723c751e8b465ee728b)  -> (artifact id: '1e825b29a5f2a4ee4ba0feef6df5fa79') in 0.017967 seconds 
Number of updated asset objects reloaded before import = 0
Number of asset objects unloaded after import = 42
========================================================================
Received Import Request.
  Time since last request: 0.000019 seconds.
  path: Assets/MagicArsenal/Demo/Scene Prefabs/Misc/Combined Scene/WindowsCrates/Combined Legacy Shaders/Self-Illumin/Diffuse Mesh.obj
  artifactKey: Guid(0b0b64b84c2fdab44859dfff3c3c3daf) Importer(815301076,1909f56bfc062723c751e8b465ee728b)
Start importing Assets/MagicArsenal/Demo/Scene Prefabs/Misc/Combined Scene/WindowsCrates/Combined Legacy Shaders/Self-Illumin/Diffuse Mesh.obj using Guid(0b0b64b84c2fdab44859dfff3c3c3daf) Importer(815301076,1909f56bfc062723c751e8b465ee728b)  -> (artifact id: '9e593f50bfe509fc34eb7d67ff380f0f') in 0.035316 seconds 
Number of updated asset objects reloaded before import = 0
Number of asset objects unloaded after import = 9
========================================================================
Received Import Request.
  Time since last request: 0.000178 seconds.
  path: Assets/MagicArsenal/Effects/Prefabs/Aura/AuraSpinning/AuraSpinningLife.prefab
  artifactKey: Guid(bbaeceb8d66eba7419195ff1742b5454) Importer(815301076,1909f56bfc062723c751e8b465ee728b)
Start importing Assets/MagicArsenal/Effects/Prefabs/Aura/AuraSpinning/AuraSpinningLife.prefab using Guid(bbaeceb8d66eba7419195ff1742b5454) Importer(815301076,1909f56bfc062723c751e8b465ee728b)  -> (artifact id: '32ec78cb211d9e600f264008b5554b74') in 0.014857 seconds 
Number of updated asset objects reloaded before import = 0
Number of asset objects unloaded after import = 22
========================================================================
Received Import Request.
  Time since last request: 0.000019 seconds.
  path: Assets/MagicArsenal/Effects/Prefabs/AreaDamage/AreaDamageWater.prefab
  artifactKey: Guid(6c818baf35b183c4791d14868ee4d991) Importer(815301076,1909f56bfc062723c751e8b465ee728b)
Start importing Assets/MagicArsenal/Effects/Prefabs/AreaDamage/AreaDamageWater.prefab using Guid(6c818baf35b183c4791d14868ee4d991) Importer(815301076,1909f56bfc062723c751e8b465ee728b)  -> (artifact id: '03a9f5ead883ee38ef3f4beebd3cac78') in 0.022099 seconds 
Number of updated asset objects reloaded before import = 0
Number of asset objects unloaded after import = 27
========================================================================
Received Import Request.
  Time since last request: 0.000050 seconds.
  path: Assets/MagicArsenal/Effects/Prefabs/Aura/AuraCastSmall/AuraCastSmallLife.prefab
  artifactKey: Guid(456b3a33f9660f640859306c59a37826) Importer(815301076,1909f56bfc062723c751e8b465ee728b)
Start importing Assets/MagicArsenal/Effects/Prefabs/Aura/AuraCastSmall/AuraCastSmallLife.prefab using Guid(456b3a33f9660f640859306c59a37826) Importer(815301076,1909f56bfc062723c751e8b465ee728b)  -> (artifact id: 'dace41c00d9b4ddd605d4d94e6b45444') in 0.016687 seconds 
Number of updated asset objects reloaded before import = 0
Number of asset objects unloaded after import = 21
========================================================================
Received Import Request.
  Time since last request: 0.000029 seconds.
  path: Assets/MagicArsenal/Effects/Prefabs/- Misc/StretchyFlame.prefab
  artifactKey: Guid(ea6e1faa88d267249a47e4ff80f562d2) Importer(815301076,1909f56bfc062723c751e8b465ee728b)
Start importing Assets/MagicArsenal/Effects/Prefabs/- Misc/StretchyFlame.prefab using Guid(ea6e1faa88d267249a47e4ff80f562d2) Importer(815301076,1909f56bfc062723c751e8b465ee728b)  -> (artifact id: '80fbc0141ca9e7f3699fad05a68fa176') in 0.012542 seconds 
Number of updated asset objects reloaded before import = 0
Number of asset objects unloaded after import = 8
========================================================================
Received Import Request.
  Time since last request: 0.000023 seconds.
  path: Assets/MagicArsenal/Effects/Prefabs/Curse/CurseLight.prefab
  artifactKey: Guid(d55ba6e4271c8274ba810d06cb5d82bd) Importer(815301076,1909f56bfc062723c751e8b465ee728b)
Start importing Assets/MagicArsenal/Effects/Prefabs/Curse/CurseLight.prefab using Guid(d55ba6e4271c8274ba810d06cb5d82bd) Importer(815301076,1909f56bfc062723c751e8b465ee728b)  -> (artifact id: 'a396aa8242d5e0526f8ed0d71969e9ab') in 0.013063 seconds 
Number of updated asset objects reloaded before import = 0
Number of asset objects unloaded after import = 18
========================================================================
Received Import Request.
  Time since last request: 0.000019 seconds.
  path: Assets/MagicArsenal/Effects/Prefabs/Walls/Straight Wall/LifeWall.prefab
  artifactKey: Guid(9c0a783a7ad1dc945a8cfb9a36539226) Importer(815301076,1909f56bfc062723c751e8b465ee728b)
Start importing Assets/MagicArsenal/Effects/Prefabs/Walls/Straight Wall/LifeWall.prefab using Guid(9c0a783a7ad1dc945a8cfb9a36539226) Importer(815301076,1909f56bfc062723c751e8b465ee728b)  -> (artifact id: '86cc14b2ffcb90ae2f72067686b3307b') in 0.013453 seconds 
Number of updated asset objects reloaded before import = 0
Number of asset objects unloaded after import = 26
========================================================================
Received Import Request.
  Time since last request: 0.000017 seconds.
  path: Assets/MagicArsenal/Effects/Prefabs/Aura/AuraSimple/AuraSimpleEarth.prefab
  artifactKey: Guid(c9ea92972fb11d944a51d0a9e2fc29ce) Importer(815301076,1909f56bfc062723c751e8b465ee728b)
Start importing Assets/MagicArsenal/Effects/Prefabs/Aura/AuraSimple/AuraSimpleEarth.prefab using Guid(c9ea92972fb11d944a51d0a9e2fc29ce) Importer(815301076,1909f56bfc062723c751e8b465ee728b)  -> (artifact id: 'd1157f1f5adfb24441fe7e9d54a96344') in 0.015034 seconds 
Number of updated asset objects reloaded before import = 0
Number of asset objects unloaded after import = 16
========================================================================
Received Import Request.
  Time since last request: 0.000022 seconds.
  path: Assets/MagicArsenal/Effects/Prefabs/Missiles & Explosions/Arcane/ArcaneExplosionMega.prefab
  artifactKey: Guid(b05f27b68c4d75946a01f693676decd6) Importer(815301076,1909f56bfc062723c751e8b465ee728b)
Start importing Assets/MagicArsenal/Effects/Prefabs/Missiles & Explosions/Arcane/ArcaneExplosionMega.prefab using Guid(b05f27b68c4d75946a01f693676decd6) Importer(815301076,1909f56bfc062723c751e8b465ee728b)  -> (artifact id: 'a2f1f494369c1229bbd7a0535b79960e') in 0.015937 seconds 
Number of updated asset objects reloaded before import = 0
Number of asset objects unloaded after import = 30
========================================================================
Received Import Request.
  Time since last request: 0.000020 seconds.
  path: Assets/MagicArsenal/Effects/Prefabs/Aura/AuraSimple/AuraSimpleLight.prefab
  artifactKey: Guid(6dc06d4e9e293c6499c48966ed17a768) Importer(815301076,1909f56bfc062723c751e8b465ee728b)
Start importing Assets/MagicArsenal/Effects/Prefabs/Aura/AuraSimple/AuraSimpleLight.prefab using Guid(6dc06d4e9e293c6499c48966ed17a768) Importer(815301076,1909f56bfc062723c751e8b465ee728b)  -> (artifact id: 'a34e901a341239a3e6b881f555570077') in 0.013830 seconds 
Number of updated asset objects reloaded before import = 0
Number of asset objects unloaded after import = 16
========================================================================
Received Import Request.
  Time since last request: 0.051950 seconds.
  path: Assets/Scenes/WaterSmallObj(Clone).prefab
  artifactKey: Guid(d58b836e4521c6744a2c26d9a1ab1863) Importer(815301076,1909f56bfc062723c751e8b465ee728b)
Start importing Assets/Scenes/WaterSmallObj(Clone).prefab using Guid(d58b836e4521c6744a2c26d9a1ab1863) Importer(815301076,1909f56bfc062723c751e8b465ee728b)  -> (artifact id: '9a976b8eaddb7c37fa4c4a1353636b33') in 0.022192 seconds 
Number of updated asset objects reloaded before import = 0
Number of asset objects unloaded after import = 64
========================================================================
Received Prepare
Begin MonoManager ReloadAssembly
Symbol file LoadedFromMemory doesn't match image C:\Users\user\3D Objects\デスクトップ\local\Clearest2023\WaterGame\Library\PackageCache\com.unity.visualscripting@1.8.0\Editor\VisualScripting.Core\Dependencies\YamlDotNet\Unity.VisualScripting.YamlDotNet.dll
Symbol file LoadedFromMemory doesn't match image C:\Users\user\3D Objects\デスクトップ\local\Clearest2023\WaterGame\Library\PackageCache\com.unity.visualscripting@1.8.0\Editor\VisualScripting.Core\Dependencies\DotNetZip\Unity.VisualScripting.IonicZip.dll
- Loaded All Assemblies, in  1.175 seconds
Refreshing native plugins compatible for Editor in 6.39 ms, found 3 plugins.
Native extension for WindowsStandalone target not found
Mono: successfully reloaded assembly
- Finished resetting the current domain, in  1.189 seconds
Domain Reload Profiling:
	ReloadAssembly (237ms)
		BeginReloadAssembly (151ms)
			ExecutionOrderSort (0ms)
			DisableScriptedObjects (6ms)
			BackupInstance (0ms)
			ReleaseScriptingObjects (0ms)
			CreateAndSetChildDomain (40ms)
		LoadAllAssembliesAndSetupDomain (934ms)
			LoadAssemblies (312ms)
			RebuildTransferFunctionScriptingTraits (0ms)
			SetupTypeCache (684ms)
				TypeCache.Initialize (354ms)
					TypeCache.ScanAssembly (345ms)
				ResolveRequiredComponents (5ms)
		FinalizeReload (0ms)
			ReleaseScriptCaches (0ms)
			RebuildScriptCaches (0ms)
			SetupLoadedEditorAssemblies (514ms)
				LogAssemblyErrors (0ms)
				InitializePlatformSupportModulesInManaged (8ms)
				SetLoadedEditorAssemblies (6ms)
				RefreshPlugins (0ms)
				BeforeProcessingInitializeOnLoad (93ms)
				ProcessInitializeOnLoadAttributes (361ms)
				ProcessInitializeOnLoadMethodAttributes (34ms)
				AfterProcessingInitializeOnLoad (12ms)
				EditorAssembliesLoaded (0ms)
			ExecutionOrderSort2 (0ms)
			AwakeInstancesAfterBackupRestoration (12ms)
Refreshing native plugins compatible for Editor in 5.17 ms, found 3 plugins.
Preloading 0 native plugins for Editor in 0.00 ms.
Unloading 3417 Unused Serialized files (Serialized files now loaded: 0)
Unloading 18 unused Assets / (32.9 KB). Loaded Objects now: 3914.
Memory consumption went from 0.60 GB to 0.60 GB.
Total: 4.075900 ms (FindLiveObjects: 0.748900 ms CreateObjectMapping: 0.136900 ms MarkObjects: 3.139300 ms  DeleteObjects: 0.049200 ms)

Prepare: number of updated asset objects reloaded= 0
AssetImportParameters requested are different than current active one (requested -> active):
  custom:container-demuxer-ogg: 62fdf1f143b41e24485cea50d1cbac27 -> 
  custom:video-codec-MediaFoundation-h265: e54d7ab0439102e2317fc1e4b246158d -> 
  custom:video-decoder-ogg-theora: a1e56fd34408186e4bbccfd4996cb3dc -> 
  custom:framework-win-MediaFoundation: 216162199b28c13a410421893ffa2e32 -> 
  custom:container-demuxer-webm: 4f35f7cbe854078d1ac9338744f61a02 -> 
  custom:container-muxer-webm: aa71ff27fc2769a1b78a27578f13a17b -> 
  custom:video-decoder-webm-vp8: 9c59270c3fd7afecdb556c50c9e8de78 -> 
  custom:AudioImporter_EditorPlatform: d09bf68614088b80899f8185d706f6e7 -> 
  custom:video-encoder-webm-vp8: eb34c28f22e8b96e1ab97ce403110664 -> 
  custom:audio-decoder-ogg-vorbis: bf7c407c2cedff20999df2af8eb42d56 -> 
  custom:audio-encoder-webm-vorbis: bf7c407c2cedff20999df2af8eb42d56 -> 
========================================================================
Received Prepare
Begin MonoManager ReloadAssembly
Symbol file LoadedFromMemory doesn't match image C:\Users\user\3D Objects\デスクトップ\local\Clearest2023\WaterGame\Library\PackageCache\com.unity.visualscripting@1.8.0\Editor\VisualScripting.Core\Dependencies\YamlDotNet\Unity.VisualScripting.YamlDotNet.dll
Symbol file LoadedFromMemory doesn't match image C:\Users\user\3D Objects\デスクトップ\local\Clearest2023\WaterGame\Library\PackageCache\com.unity.visualscripting@1.8.0\Editor\VisualScripting.Core\Dependencies\DotNetZip\Unity.VisualScripting.IonicZip.dll
- Loaded All Assemblies, in  1.146 seconds
Refreshing native plugins compatible for Editor in 4.97 ms, found 3 plugins.
Native extension for WindowsStandalone target not found
Mono: successfully reloaded assembly
- Finished resetting the current domain, in  1.049 seconds
Domain Reload Profiling:
	ReloadAssembly (236ms)
		BeginReloadAssembly (151ms)
			ExecutionOrderSort (0ms)
			DisableScriptedObjects (6ms)
			BackupInstance (0ms)
			ReleaseScriptingObjects (0ms)
			CreateAndSetChildDomain (38ms)
		LoadAllAssembliesAndSetupDomain (905ms)
			LoadAssemblies (336ms)
			RebuildTransferFunctionScriptingTraits (0ms)
			SetupTypeCache (630ms)
				TypeCache.Initialize (346ms)
					TypeCache.ScanAssembly (338ms)
				ResolveRequiredComponents (6ms)
		FinalizeReload (0ms)
			ReleaseScriptCaches (0ms)
			RebuildScriptCaches (0ms)
			SetupLoadedEditorAssemblies (469ms)
				LogAssemblyErrors (0ms)
				InitializePlatformSupportModulesInManaged (8ms)
				SetLoadedEditorAssemblies (6ms)
				RefreshPlugins (0ms)
				BeforeProcessingInitializeOnLoad (81ms)
				ProcessInitializeOnLoadAttributes (341ms)
				ProcessInitializeOnLoadMethodAttributes (24ms)
				AfterProcessingInitializeOnLoad (10ms)
				EditorAssembliesLoaded (0ms)
			ExecutionOrderSort2 (0ms)
			AwakeInstancesAfterBackupRestoration (8ms)
Refreshing native plugins compatible for Editor in 4.76 ms, found 3 plugins.
Preloading 0 native plugins for Editor in 0.00 ms.
Unloading 3417 Unused Serialized files (Serialized files now loaded: 0)
Unloading 18 unused Assets / (32.8 KB). Loaded Objects now: 3917.
Memory consumption went from 0.60 GB to 0.60 GB.
Total: 3.951500 ms (FindLiveObjects: 0.622500 ms CreateObjectMapping: 0.153100 ms MarkObjects: 3.125000 ms  DeleteObjects: 0.049700 ms)

Prepare: number of updated asset objects reloaded= 0
AssetImportParameters requested are different than current active one (requested -> active):
  custom:container-demuxer-ogg: 62fdf1f143b41e24485cea50d1cbac27 -> 
  custom:video-codec-MediaFoundation-h265: e54d7ab0439102e2317fc1e4b246158d -> 
  custom:video-decoder-ogg-theora: a1e56fd34408186e4bbccfd4996cb3dc -> 
  custom:framework-win-MediaFoundation: 216162199b28c13a410421893ffa2e32 -> 
  custom:container-demuxer-webm: 4f35f7cbe854078d1ac9338744f61a02 -> 
  custom:container-muxer-webm: aa71ff27fc2769a1b78a27578f13a17b -> 
  custom:video-decoder-webm-vp8: 9c59270c3fd7afecdb556c50c9e8de78 -> 
  custom:AudioImporter_EditorPlatform: d09bf68614088b80899f8185d706f6e7 -> 
  custom:video-encoder-webm-vp8: eb34c28f22e8b96e1ab97ce403110664 -> 
  custom:audio-decoder-ogg-vorbis: bf7c407c2cedff20999df2af8eb42d56 -> 
  custom:audio-encoder-webm-vorbis: bf7c407c2cedff20999df2af8eb42d56 -> 
Editor requested this worker to shutdown with reason: Scaling down because of idle timeout
TcpMessagingSession - receive error: operation aborted. errorcode: 995, details: Xbh̏I܂̓AvP[V̗vɂāAI/O ͒~܂B
AssetImportWorker is now disconnected from the server
Process exiting
Exiting without the bug reporter. Application will terminate with return code 0