Using pre-set license
Built from '2022.2/staging' branch; Version is '2022.2.6f1 (10bfa6201ced) revision 1097638'; Using compiler version '192829333'; Build Type 'Release'
OS: 'Windows 10  (10.0.19045) 64bit Professional' Language: 'ja' Physical Memory: 32509 MB
BatchMode: 1, IsHumanControllingUs: 0, StartBugReporterOnCrash: 0, Is64bit: 1, IsPro: 1

COMMAND LINE ARGUMENTS:
C:\Program Files\2022.2.6f1\Editor\Unity.exe
-adb2
-batchMode
-noUpm
-name
AssetImportWorker3
-projectPath
C:/Users/user/3D Objects/ãƒ‡ã‚¹ã‚¯ãƒˆãƒƒãƒ—/local/Clearest2023/WaterGame
-logFile
Logs/AssetImportWorker3.log
-srvPort
50402
Successfully changed project path to: C:/Users/user/3D Objects/ãƒ‡ã‚¹ã‚¯ãƒˆãƒƒãƒ—/local/Clearest2023/WaterGame
C:/Users/user/3D Objects/ãƒ‡ã‚¹ã‚¯ãƒˆãƒƒãƒ—/local/Clearest2023/WaterGame
[UnityMemory] Configuration Parameters - Can be set up in boot.config
    "memorysetup-bucket-allocator-granularity=16"
    "memorysetup-bucket-allocator-bucket-count=8"
    "memorysetup-bucket-allocator-block-size=33554432"
    "memorysetup-bucket-allocator-block-count=8"
    "memorysetup-main-allocator-block-size=16777216"
    "memorysetup-thread-allocator-block-size=16777216"
    "memorysetup-gfx-main-allocator-block-size=16777216"
    "memorysetup-gfx-thread-allocator-block-size=16777216"
    "memorysetup-cache-allocator-block-size=4194304"
    "memorysetup-typetree-allocator-block-size=2097152"
    "memorysetup-profiler-bucket-allocator-granularity=16"
    "memorysetup-profiler-bucket-allocator-bucket-count=8"
    "memorysetup-profiler-bucket-allocator-block-size=33554432"
    "memorysetup-profiler-bucket-allocator-block-count=8"
    "memorysetup-profiler-allocator-block-size=16777216"
    "memorysetup-profiler-editor-allocator-block-size=1048576"
    "memorysetup-temp-allocator-size-main=16777216"
    "memorysetup-job-temp-allocator-block-size=2097152"
    "memorysetup-job-temp-allocator-block-size-background=1048576"
    "memorysetup-job-temp-allocator-reduction-small-platforms=262144"
    "memorysetup-temp-allocator-size-background-worker=32768"
    "memorysetup-temp-allocator-size-job-worker=262144"
    "memorysetup-temp-allocator-size-preload-manager=33554432"
    "memorysetup-temp-allocator-size-nav-mesh-worker=65536"
    "memorysetup-temp-allocator-size-audio-worker=65536"
    "memorysetup-temp-allocator-size-cloud-worker=32768"
    "memorysetup-temp-allocator-size-gi-baking-worker=262144"
    "memorysetup-temp-allocator-size-gfx=262144"
Player connection [27256] Host "[IP] 192.168.11.14 [Port] 0 [Flags] 2 [Guid] 3762034414 [EditorId] 3762034414 [Version] 1048832 [Id] WindowsEditor(7,DESKTOP-L2RC10L) [Debug] 1 [PackageName] WindowsEditor [ProjectName] Editor" joined multi-casting on [225.0.0.222:54997]...

Player connection [27256] Host "[IP] 192.168.11.14 [Port] 0 [Flags] 2 [Guid] 3762034414 [EditorId] 3762034414 [Version] 1048832 [Id] WindowsEditor(7,DESKTOP-L2RC10L) [Debug] 1 [PackageName] WindowsEditor [ProjectName] Editor" joined alternative multi-casting on [225.0.0.222:34997]...

Refreshing native plugins compatible for Editor in 11.07 ms, found 3 plugins.
Preloading 0 native plugins for Editor in 0.00 ms.
Initialize engine version: 2022.2.6f1 (10bfa6201ced)
[Subsystems] Discovering subsystems at path C:/Program Files/2022.2.6f1/Editor/Data/Resources/UnitySubsystems
[Subsystems] Discovering subsystems at path C:/Users/user/3D Objects/ãƒ‡ã‚¹ã‚¯ãƒˆãƒƒãƒ—/local/Clearest2023/WaterGame/Assets
GfxDevice: creating device client; threaded=0; jobified=0
Direct3D:
    Version:  Direct3D 11.0 [level 11.1]
    Renderer: NVIDIA GeForce RTX 3080 (ID=0x2216)
    Vendor:   NVIDIA
    VRAM:     10067 MB
    Driver:   31.0.15.3161
Initialize mono
Mono path[0] = 'C:/Program Files/2022.2.6f1/Editor/Data/Managed'
Mono path[1] = 'C:/Program Files/2022.2.6f1/Editor/Data/MonoBleedingEdge/lib/mono/unityjit-win32'
Mono config path = 'C:/Program Files/2022.2.6f1/Editor/Data/MonoBleedingEdge/etc'
Using monoOptions --debugger-agent=transport=dt_socket,embedding=1,server=y,suspend=n,address=127.0.0.1:56236
Begin MonoManager ReloadAssembly
Registering precompiled unity dll's ...
Register platform support module: C:/Program Files/2022.2.6f1/Editor/Data/PlaybackEngines/WindowsStandaloneSupport/UnityEditor.WindowsStandalone.Extensions.dll
Registered in 0.008491 seconds.
- Loaded All Assemblies, in  0.411 seconds
Native extension for WindowsStandalone target not found
Mono: successfully reloaded assembly
- Finished resetting the current domain, in  0.349 seconds
Domain Reload Profiling:
	ReloadAssembly (248ms)
		BeginReloadAssembly (97ms)
			ExecutionOrderSort (0ms)
			DisableScriptedObjects (0ms)
			BackupInstance (0ms)
			ReleaseScriptingObjects (0ms)
			CreateAndSetChildDomain (1ms)
		LoadAllAssembliesAndSetupDomain (0ms)
			LoadAssemblies (94ms)
			RebuildTransferFunctionScriptingTraits (0ms)
			SetupTypeCache (152ms)
				TypeCache.Initialize (151ms)
					TypeCache.ScanAssembly (149ms)
				ResolveRequiredComponents (1ms)
		FinalizeReload (0ms)
			ReleaseScriptCaches (0ms)
			RebuildScriptCaches (0ms)
			SetupLoadedEditorAssemblies (272ms)
				LogAssemblyErrors (0ms)
				InitializePlatformSupportModulesInManaged (12ms)
				SetLoadedEditorAssemblies (9ms)
				RefreshPlugins (0ms)
				BeforeProcessingInitializeOnLoad (1ms)
				ProcessInitializeOnLoadAttributes (184ms)
				ProcessInitializeOnLoadMethodAttributes (65ms)
				AfterProcessingInitializeOnLoad (0ms)
				EditorAssembliesLoaded (0ms)
			ExecutionOrderSort2 (0ms)
			AwakeInstancesAfterBackupRestoration (0ms)
========================================================================
Worker process is ready to serve import requests
Begin MonoManager ReloadAssembly
Symbol file LoadedFromMemory doesn't match image C:\Users\user\3D Objects\ãƒ‡ã‚¹ã‚¯ãƒˆãƒƒãƒ—\local\Clearest2023\WaterGame\Library\PackageCache\com.unity.visualscripting@1.8.0\Editor\VisualScripting.Core\Dependencies\YamlDotNet\Unity.VisualScripting.YamlDotNet.dll
Symbol file LoadedFromMemory doesn't match image C:\Users\user\3D Objects\ãƒ‡ã‚¹ã‚¯ãƒˆãƒƒãƒ—\local\Clearest2023\WaterGame\Library\PackageCache\com.unity.visualscripting@1.8.0\Editor\VisualScripting.Core\Dependencies\DotNetZip\Unity.VisualScripting.IonicZip.dll
- Loaded All Assemblies, in  1.105 seconds
Refreshing native plugins compatible for Editor in 5.19 ms, found 3 plugins.
Native extension for WindowsStandalone target not found
Mono: successfully reloaded assembly
- Finished resetting the current domain, in  0.722 seconds
Domain Reload Profiling:
	ReloadAssembly (256ms)
		BeginReloadAssembly (136ms)
			ExecutionOrderSort (0ms)
			DisableScriptedObjects (7ms)
			BackupInstance (0ms)
			ReleaseScriptingObjects (0ms)
			CreateAndSetChildDomain (22ms)
		LoadAllAssembliesAndSetupDomain (845ms)
			LoadAssemblies (311ms)
			RebuildTransferFunctionScriptingTraits (0ms)
			SetupTypeCache (587ms)
				TypeCache.Initialize (344ms)
					TypeCache.ScanAssembly (338ms)
				ResolveRequiredComponents (5ms)
		FinalizeReload (0ms)
			ReleaseScriptCaches (0ms)
			RebuildScriptCaches (0ms)
			SetupLoadedEditorAssemblies (520ms)
				LogAssemblyErrors (0ms)
				InitializePlatformSupportModulesInManaged (8ms)
				SetLoadedEditorAssemblies (6ms)
				RefreshPlugins (0ms)
				BeforeProcessingInitializeOnLoad (79ms)
				ProcessInitializeOnLoadAttributes (393ms)
				ProcessInitializeOnLoadMethodAttributes (25ms)
				AfterProcessingInitializeOnLoad (10ms)
				EditorAssembliesLoaded (0ms)
			ExecutionOrderSort2 (0ms)
			AwakeInstancesAfterBackupRestoration (9ms)
Launched and connected shader compiler UnityShaderCompiler.exe after 0.04 seconds
Refreshing native plugins compatible for Editor in 2.13 ms, found 3 plugins.
Preloading 0 native plugins for Editor in 0.00 ms.
Unloading 3424 Unused Serialized files (Serialized files now loaded: 0)
Unloading 26 unused Assets / (67.2 KB). Loaded Objects now: 3892.
Memory consumption went from 0.52 GB to 0.52 GB.
Total: 2.599200 ms (FindLiveObjects: 0.201800 ms CreateObjectMapping: 0.232100 ms MarkObjects: 1.963500 ms  DeleteObjects: 0.200800 ms)

AssetImportParameters requested are different than current active one (requested -> active):
  custom:container-demuxer-ogg: 62fdf1f143b41e24485cea50d1cbac27 -> 
  custom:video-codec-MediaFoundation-h265: e54d7ab0439102e2317fc1e4b246158d -> 
  custom:video-decoder-ogg-theora: a1e56fd34408186e4bbccfd4996cb3dc -> 
  custom:framework-win-MediaFoundation: 216162199b28c13a410421893ffa2e32 -> 
  custom:container-demuxer-webm: 4f35f7cbe854078d1ac9338744f61a02 -> 
  custom:container-muxer-webm: aa71ff27fc2769a1b78a27578f13a17b -> 
  custom:video-decoder-webm-vp8: 9c59270c3fd7afecdb556c50c9e8de78 -> 
  custom:AudioImporter_EditorPlatform: d09bf68614088b80899f8185d706f6e7 -> 
  custom:video-encoder-webm-vp8: eb34c28f22e8b96e1ab97ce403110664 -> 
  custom:audio-decoder-ogg-vorbis: bf7c407c2cedff20999df2af8eb42d56 -> 
  custom:audio-encoder-webm-vorbis: bf7c407c2cedff20999df2af8eb42d56 -> 
========================================================================
Received Import Request.
  Time since last request: 1206353.224367 seconds.
  path: Assets/MagicArsenal/Effects/Models/Materials/No Name.mat
  artifactKey: Guid(1638da9598b15474e8180e1e2803e8f8) Importer(815301076,1909f56bfc062723c751e8b465ee728b)
Start importing Assets/MagicArsenal/Effects/Models/Materials/No Name.mat using Guid(1638da9598b15474e8180e1e2803e8f8) Importer(815301076,1909f56bfc062723c751e8b465ee728b)  -> (artifact id: 'dafd8a1add55118cd164cdbaa72dd2b4') in 0.118287 seconds 
Number of updated asset objects reloaded before import = 0
Number of asset objects unloaded after import = 1
========================================================================
Received Import Request.
  Time since last request: 13.511371 seconds.
  path: Assets/MagicArsenal/Effects/Materials/Cleave/cleave_frost.mat
  artifactKey: Guid(96723158895624c4785f6ee445bb715e) Importer(815301076,1909f56bfc062723c751e8b465ee728b)
Start importing Assets/MagicArsenal/Effects/Materials/Cleave/cleave_frost.mat using Guid(96723158895624c4785f6ee445bb715e) Importer(815301076,1909f56bfc062723c751e8b465ee728b)  -> (artifact id: 'dea81596202796773eafe4bff516b2dc') in 0.056403 seconds 
Number of updated asset objects reloaded before import = 0
Number of asset objects unloaded after import = 2
========================================================================
Received Import Request.
  Time since last request: 0.000019 seconds.
  path: Assets/MagicArsenal/Effects/Materials/Cleave/cleave_light.mat
  artifactKey: Guid(1ae0f5f2147b3a145bfdd1f561f55835) Importer(815301076,1909f56bfc062723c751e8b465ee728b)
Start importing Assets/MagicArsenal/Effects/Materials/Cleave/cleave_light.mat using Guid(1ae0f5f2147b3a145bfdd1f561f55835) Importer(815301076,1909f56bfc062723c751e8b465ee728b)  -> (artifact id: 'f58e8e0248285164e48cdeb9051a7b6a') in 0.012978 seconds 
Number of updated asset objects reloaded before import = 0
Number of asset objects unloaded after import = 2
========================================================================
Received Import Request.
  Time since last request: 104.518933 seconds.
  path: Assets/MagicArsenal/Effects/Icons/Textures/arcane2.png
  artifactKey: Guid(e6763eb614379dc4fa6fe93cf5bc263d) Importer(815301076,1909f56bfc062723c751e8b465ee728b)
Start importing Assets/MagicArsenal/Effects/Icons/Textures/arcane2.png using Guid(e6763eb614379dc4fa6fe93cf5bc263d) Importer(815301076,1909f56bfc062723c751e8b465ee728b)  -> (artifact id: 'ad2f5855986396c485c2214a5e9abae0') in 0.018655 seconds 
Number of updated asset objects reloaded before import = 0
Number of asset objects unloaded after import = 2
========================================================================
Received Import Request.
  Time since last request: 0.000064 seconds.
  path: Assets/MagicArsenal/Effects/Icons/Textures/earth.png
  artifactKey: Guid(72e59091762dbd04c8d15bb1964d8ee7) Importer(815301076,1909f56bfc062723c751e8b465ee728b)
Start importing Assets/MagicArsenal/Effects/Icons/Textures/earth.png using Guid(72e59091762dbd04c8d15bb1964d8ee7) Importer(815301076,1909f56bfc062723c751e8b465ee728b)  -> (artifact id: '062d845dcb6ab0174d2eaad84dc5e09c') in 0.011417 seconds 
Number of updated asset objects reloaded before import = 0
Number of asset objects unloaded after import = 2
========================================================================
Received Import Request.
  Time since last request: 0.000021 seconds.
  path: Assets/MagicArsenal/Effects/Icons/Textures/frost.png
  artifactKey: Guid(89d6fcf1b6e03be45b794182ea1e0de7) Importer(815301076,1909f56bfc062723c751e8b465ee728b)
Start importing Assets/MagicArsenal/Effects/Icons/Textures/frost.png using Guid(89d6fcf1b6e03be45b794182ea1e0de7) Importer(815301076,1909f56bfc062723c751e8b465ee728b)  -> (artifact id: '8b32454701a0576ae52b9a8ce5ba7adc') in 0.012045 seconds 
Number of updated asset objects reloaded before import = 0
Number of asset objects unloaded after import = 2
========================================================================
Received Import Request.
  Time since last request: 0.000025 seconds.
  path: Assets/MagicArsenal/Effects/Icons/Textures/water.png
  artifactKey: Guid(5ecfa50029f1a9e48a93de1ad0cfa578) Importer(815301076,1909f56bfc062723c751e8b465ee728b)
Start importing Assets/MagicArsenal/Effects/Icons/Textures/water.png using Guid(5ecfa50029f1a9e48a93de1ad0cfa578) Importer(815301076,1909f56bfc062723c751e8b465ee728b)  -> (artifact id: '528086d6f29ab8abc338b7225859d69b') in 0.012252 seconds 
Number of updated asset objects reloaded before import = 0
Number of asset objects unloaded after import = 2
========================================================================
Received Import Request.
  Time since last request: 0.000017 seconds.
  path: Assets/MagicArsenal/Effects/Icons/Textures/lightning.png
  artifactKey: Guid(a51f67d16d73832409dcc367bc618728) Importer(815301076,1909f56bfc062723c751e8b465ee728b)
Start importing Assets/MagicArsenal/Effects/Icons/Textures/lightning.png using Guid(a51f67d16d73832409dcc367bc618728) Importer(815301076,1909f56bfc062723c751e8b465ee728b)  -> (artifact id: '0b49e47f7dba926f6977692c1a6f8a77') in 0.011657 seconds 
Number of updated asset objects reloaded before import = 0
Number of asset objects unloaded after import = 2
========================================================================
Received Import Request.
  Time since last request: 0.000018 seconds.
  path: Assets/MagicArsenal/Effects/Icons/Textures/light.png
  artifactKey: Guid(960db7ff93607b041a7962fe746523ca) Importer(815301076,1909f56bfc062723c751e8b465ee728b)
Start importing Assets/MagicArsenal/Effects/Icons/Textures/light.png using Guid(960db7ff93607b041a7962fe746523ca) Importer(815301076,1909f56bfc062723c751e8b465ee728b)  -> (artifact id: '8602faa46c9c584f4d60acdb18b6d0f5') in 0.012773 seconds 
Number of updated asset objects reloaded before import = 0
Number of asset objects unloaded after import = 2
========================================================================
Received Import Request.
  Time since last request: 65.022645 seconds.
  path: Assets/MagicArsenal/Effects/Prefabs/Charge/EarthCharge.prefab
  artifactKey: Guid(a583915a301f96547af39944bc1ec634) Importer(815301076,1909f56bfc062723c751e8b465ee728b)
Start importing Assets/MagicArsenal/Effects/Prefabs/Charge/EarthCharge.prefab using Guid(a583915a301f96547af39944bc1ec634) Importer(815301076,1909f56bfc062723c751e8b465ee728b)  -> (artifact id: '4c9bbf60af6b9ca7b3d32e90ce1468b9') in 0.038879 seconds 
Number of updated asset objects reloaded before import = 0
Number of asset objects unloaded after import = 30
========================================================================
Received Import Request.
  Time since last request: 0.000106 seconds.
  path: Assets/MagicArsenal/Effects/Prefabs/Charge/ShadowCharge.prefab
  artifactKey: Guid(a862ba583d75a834da6fe74054b4328b) Importer(815301076,1909f56bfc062723c751e8b465ee728b)
Start importing Assets/MagicArsenal/Effects/Prefabs/Charge/ShadowCharge.prefab using Guid(a862ba583d75a834da6fe74054b4328b) Importer(815301076,1909f56bfc062723c751e8b465ee728b)  -> (artifact id: '57dc72a8998707cd638b06ce214a60c7') in 0.018469 seconds 
Number of updated asset objects reloaded before import = 0
Number of asset objects unloaded after import = 35
========================================================================
Received Import Request.
  Time since last request: 0.000018 seconds.
  path: Assets/MagicArsenal/Effects/Prefabs/Charge/LifeCharge.prefab
  artifactKey: Guid(3b7d09dab04c5884f8ee529f25a298fe) Importer(815301076,1909f56bfc062723c751e8b465ee728b)
Start importing Assets/MagicArsenal/Effects/Prefabs/Charge/LifeCharge.prefab using Guid(3b7d09dab04c5884f8ee529f25a298fe) Importer(815301076,1909f56bfc062723c751e8b465ee728b)  -> (artifact id: 'd3b3d10ab89732d7bed08136a9faa7a5') in 0.019314 seconds 
Number of updated asset objects reloaded before import = 0
Number of asset objects unloaded after import = 28
========================================================================
Received Import Request.
  Time since last request: 0.000020 seconds.
  path: Assets/MagicArsenal/Effects/Prefabs/Charge/WaterCharge.prefab
  artifactKey: Guid(879465c710faf26498c43fec1e4bbbcc) Importer(815301076,1909f56bfc062723c751e8b465ee728b)
Start importing Assets/MagicArsenal/Effects/Prefabs/Charge/WaterCharge.prefab using Guid(879465c710faf26498c43fec1e4bbbcc) Importer(815301076,1909f56bfc062723c751e8b465ee728b)  -> (artifact id: '2dfc62aadc8d6be3ab0dbaa5864b5cd2') in 0.017823 seconds 
Number of updated asset objects reloaded before import = 0
Number of asset objects unloaded after import = 30
========================================================================
Received Import Request.
  Time since last request: 0.000038 seconds.
  path: Assets/MagicArsenal/Effects/Prefabs/Charge/FireCharge.prefab
  artifactKey: Guid(6b3488aa97f1d514d8a4fa45cc3b2dad) Importer(815301076,1909f56bfc062723c751e8b465ee728b)
Start importing Assets/MagicArsenal/Effects/Prefabs/Charge/FireCharge.prefab using Guid(6b3488aa97f1d514d8a4fa45cc3b2dad) Importer(815301076,1909f56bfc062723c751e8b465ee728b)  -> (artifact id: 'f91701e8fa3bddf8dd9787be0e0cc393') in 0.016338 seconds 
Number of updated asset objects reloaded before import = 0
Number of asset objects unloaded after import = 22
========================================================================
Received Import Request.
  Time since last request: 0.000017 seconds.
  path: Assets/MagicArsenal/Effects/Prefabs/Charge/LightCharge.prefab
  artifactKey: Guid(220a4e71c5c7a7a42a7fd23e246bff14) Importer(815301076,1909f56bfc062723c751e8b465ee728b)
Start importing Assets/MagicArsenal/Effects/Prefabs/Charge/LightCharge.prefab using Guid(220a4e71c5c7a7a42a7fd23e246bff14) Importer(815301076,1909f56bfc062723c751e8b465ee728b)  -> (artifact id: '864b74e9e64a3ab6deae80ab5d252119') in 0.015130 seconds 
Number of updated asset objects reloaded before import = 0
Number of asset objects unloaded after import = 28
========================================================================
Received Import Request.
  Time since last request: 0.000015 seconds.
  path: Assets/MagicArsenal/Effects/Prefabs/Charge/FrostCharge.prefab
  artifactKey: Guid(4016dcb540ea2da469c212ee1f27f43a) Importer(815301076,1909f56bfc062723c751e8b465ee728b)
Start importing Assets/MagicArsenal/Effects/Prefabs/Charge/FrostCharge.prefab using Guid(4016dcb540ea2da469c212ee1f27f43a) Importer(815301076,1909f56bfc062723c751e8b465ee728b)  -> (artifact id: '9867ad2b638543b870f92462b5f5196a') in 0.017007 seconds 
Number of updated asset objects reloaded before import = 0
Number of asset objects unloaded after import = 30
========================================================================
Received Import Request.
  Time since last request: 0.000016 seconds.
  path: Assets/MagicArsenal/Effects/Prefabs/Charge/StormCharge.prefab
  artifactKey: Guid(be9c49d40577af94fa21cbb1dc0dc38d) Importer(815301076,1909f56bfc062723c751e8b465ee728b)
Start importing Assets/MagicArsenal/Effects/Prefabs/Charge/StormCharge.prefab using Guid(be9c49d40577af94fa21cbb1dc0dc38d) Importer(815301076,1909f56bfc062723c751e8b465ee728b)  -> (artifact id: '5e8bbffa101ae94f29bfd4f52f4f5962') in 0.016788 seconds 
Number of updated asset objects reloaded before import = 0
Number of asset objects unloaded after import = 30
Editor requested this worker to shutdown with reason: Scaling down because of idle timeout
TcpMessagingSession - receive error: operation aborted. errorcode: 995, details: ƒXƒŒƒbƒh‚ÌI—¹‚Ü‚½‚ÍƒAƒvƒŠƒP[ƒVƒ‡ƒ“‚Ì—v‹‚É‚æ‚Á‚ÄAI/O ˆ—‚Í’†~‚³‚ê‚Ü‚µ‚½B
AssetImportWorker is now disconnected from the server
Process exiting
Exiting without the bug reporter. Application will terminate with return code 0